<?xml version="1.0" encoding="UTF-8"?>
<testsuite name="com.yy.lvf.playerlist.ExampleUnitTest" tests="1" skipped="0" failures="0" errors="0" timestamp="2016-11-24T13:57:46" hostname="Lenovo-lvfeng" time="0.0">
  <properties/>
  <testcase name="addition_isCorrect" classname="com.yy.lvf.playerlist.ExampleUnitTest" time="0.0"/>
  <system-out><![CDATA[]]></system-out>
  <system-err><![CDATA[]]></system-err>
</testsuite>
